{
 "cells": [
  {
   "cell_type": "code",
   "execution_count": 381,
   "metadata": {},
   "outputs": [],
   "source": [
    "import psycopg2\n",
    "import json"
   ]
  },
  {
   "cell_type": "code",
   "execution_count": 382,
   "metadata": {},
   "outputs": [],
   "source": [
    "request = {\n",
    "    \"entities\": {\n",
    "        \"capabilities\": [\n",
    "            \"Apache Hadoop\",\n",
    "            \"Spark\",\n",
    "            \"AWS\",\n",
    "            \"arquitecturas de datos escalables\",\n",
    "            \"análisis de datos en tiempo real\",\n",
    "            \"automatización de procesos\",\n",
    "            \"Docker\",\n",
    "            \"Kubernetes\",\n",
    "            \"Java\"\n",
    "        ],\n",
    "        \"role\": \"Ingeniero de datos\"\n",
    "    },\n",
    "    \"input_token\": 90,\n",
    "    \"output_token\": 42,\n",
    "    \"tokens\": 132\n",
    "}"
   ]
  },
  {
   "cell_type": "code",
   "execution_count": 383,
   "metadata": {},
   "outputs": [],
   "source": [
    "import os\n",
    "import psycopg2\n",
    "from psycopg2 import DatabaseError\n",
    "from dotenv import load_dotenv\n",
    "\n",
    "#cargar las variables de entorno\n",
    "load_dotenv()\n",
    "\n",
    "#Crear conexion con PostgreSQL\n",
    "def get_db_connection():\n",
    "    try:\n",
    "        connection = psycopg2.connect(\n",
    "            host=os.getenv('PGSQL_HOST'),\n",
    "            user=os.getenv('PGSQL_USER'),\n",
    "            password=os.getenv('PGSQL_PASSWORD'),\n",
    "            dbname=os.getenv('PGSQL_DATABASE'),\n",
    "            port=os.getenv('PGSQL_PORT')\n",
    "        )\n",
    "        return connection\n",
    "    except DatabaseError as ex:\n",
    "        raise ex"
   ]
  },
  {
   "cell_type": "code",
   "execution_count": 384,
   "metadata": {},
   "outputs": [],
   "source": [
    "from psycopg2.extras import RealDictCursor\n",
    "\n",
    "def buscar_candidatos_postgre(rol, capabilities):\n",
    "    # Formatear la búsqueda para usar en to_tsquery\n",
    "    \n",
    "    busqueda_capabilities = ' | '.join(\n",
    "            [f\"'{capability.strip()}'\" if ' ' in capability else capability.strip() for capability in capabilities]\n",
    "        )\n",
    "\n",
    "    if busqueda_capabilities.startswith(\" | \"):\n",
    "        busqueda_capabilities = busqueda_capabilities[3:]\n",
    "    if busqueda_capabilities.endswith(\" | \"):\n",
    "        busqueda_capabilities = busqueda_capabilities[:-3]\n",
    "        \n",
    "\n",
    "    if isinstance(rol, str):\n",
    "        busqueda_rol = rol.strip()  # Eliminar espacios innecesarios\n",
    "        busqueda_rol = ' & '.join(busqueda_rol.split())  # Reemplazar espacios por \" & \" para to_tsquery\n",
    "    else:\n",
    "        raise ValueError(\"El parámetro 'rol' debe ser una cadena.\")\n",
    "\n",
    "    print(busqueda_capabilities, busqueda_rol)\n",
    "    \n",
    "    consulta = \"\"\"\n",
    "    SET enable_nestloop = off; \n",
    "    \n",
    "    EXPLAIN ANALYZE\n",
    "    WITH ranked_profiles AS (\n",
    "    SELECT \n",
    "        app_prof.id AS applicant_profile_id,\n",
    "        u.name AS name,\n",
    "        skills.description AS skill_description,\n",
    "        job.name AS job_name,\n",
    "        level_of_exp.name AS level_of_experience,\n",
    "        prof_type.description AS profiletype,\n",
    "        workexp.description AS aditional_info\n",
    "    FROM \n",
    "        recruitment.applicantprofile_skill AS app_skill\n",
    "    INNER JOIN recruitment.applicant_profile AS app_prof ON app_skill.applicant_profile_id = app_prof.id\n",
    "    INNER JOIN recruitment.skills AS skills ON skills.id = app_skill.skill_id\n",
    "    INNER JOIN recruitment.user AS u ON u.user_id = app_prof.user_id\n",
    "    INNER JOIN recruitment.application AS application ON application.user_id = u.user_id\n",
    "    INNER JOIN recruitment.job AS job ON job.id = application.job_id\n",
    "    INNER JOIN recruitment.levelofexp AS level_of_exp ON level_of_exp.id = job.levelofexperience_id\n",
    "    INNER JOIN recruitment.profiletype AS prof_type ON prof_type.id = job.profile_type_id\n",
    "    INNER JOIN recruitment.workexperience as workexp ON workexp.applicantprofile_id = app_prof.id\n",
    "    WHERE \n",
    "        -- Usar tsquery para el filtrado en lugar de recalcular el tsvector cada vez\n",
    "        to_tsvector('spanish', job.name || ' ' || skills.description || ' ' || workexp.description || ' ' || level_of_exp.name)\n",
    "        @@ to_tsquery('spanish', %s)\n",
    "        AND\n",
    "        to_tsvector('spanish', prof_type.description || ' ' || level_of_exp.name) \n",
    "        @@ to_tsquery('spanish', %s)\n",
    "),\n",
    "ranked_with_row_number AS (\n",
    "    SELECT \n",
    "    applicant_profile_id,\n",
    "    MIN(name) AS name,\n",
    "    MIN(skill_description) AS skill_description,\n",
    "    MIN(job_name) AS job_name,\n",
    "    MIN(level_of_experience) AS level_of_experience,\n",
    "    MIN(profiletype) AS profiletype,\n",
    "    MIN(aditional_info) AS aditional_info\n",
    "    FROM ranked_profiles\n",
    "    GROUP BY applicant_profile_id\n",
    ")\n",
    "SELECT \n",
    "    applicant_profile_id,\n",
    "    name,\n",
    "    skill_description,\n",
    "    job_name,\n",
    "    level_of_experience,\n",
    "    profiletype,\n",
    "    aditional_info\n",
    "FROM ranked_with_row_number\n",
    "    \"\"\"\n",
    "    resultados = []\n",
    "    try:\n",
    "        conn = get_db_connection()  # Obtén la conexión a la base de datos\n",
    "        with conn.cursor(cursor_factory=psycopg2.extras.DictCursor) as cur:\n",
    "            # Ejecutar la consulta con el término de búsqueda seguro\n",
    "            cur.execute(consulta, (busqueda_capabilities,busqueda_rol))\n",
    "            resultados = cur.fetchall()\n",
    "\n",
    "        conn.close()\n",
    "    except Exception as e:\n",
    "        print(f\"Error al consultar PostgreSQL: {e}\")\n",
    "    \n",
    "    # Convertir los resultados en una lista de diccionarios\n",
    "    # return json.dumps([dict(row) for row in resultados], default=str)\n",
    "    return [dict(row) for row in resultados]"
   ]
  },
  {
   "cell_type": "code",
   "execution_count": 385,
   "metadata": {},
   "outputs": [
    {
     "name": "stdout",
     "output_type": "stream",
     "text": [
      "'Apache Hadoop' | Spark | AWS | 'arquitecturas de datos escalables' | 'análisis de datos en tiempo real' | 'automatización de procesos' | Docker | Kubernetes | Java Ingeniero & de & datos\n"
     ]
    }
   ],
   "source": [
    "data = request\n",
    "role = data[\"entities\"][\"role\"]\n",
    "capabilities = data[\"entities\"][\"capabilities\"]\n",
    "\n",
    "# Llamar a la función de búsqueda con el término combinado\n",
    "aplicantes_filtrados = buscar_candidatos_postgre(role, capabilities)\n"
   ]
  },
  {
   "cell_type": "code",
   "execution_count": 386,
   "metadata": {},
   "outputs": [
    {
     "data": {
      "text/plain": [
       "[{'QUERY PLAN': 'Finalize GroupAggregate  (cost=31623.73..31636.21 rows=94 width=196) (actual time=1267.595..1282.422 rows=10432 loops=1)'},\n",
       " {'QUERY PLAN': '  Group Key: app_prof.id'},\n",
       " {'QUERY PLAN': '  ->  Gather Merge  (cost=31623.73..31633.90 rows=78 width=196) (actual time=1267.587..1276.091 rows=10576 loops=1)'},\n",
       " {'QUERY PLAN': '        Workers Planned: 2'},\n",
       " {'QUERY PLAN': '        Workers Launched: 2'},\n",
       " {'QUERY PLAN': '        ->  Partial GroupAggregate  (cost=30623.71..30624.88 rows=39 width=196) (actual time=1262.297..1266.791 rows=3525 loops=3)'},\n",
       " {'QUERY PLAN': '              Group Key: app_prof.id'},\n",
       " {'QUERY PLAN': '              ->  Sort  (cost=30623.71..30623.81 rows=39 width=1684) (actual time=1262.287..1262.623 rows=9285 loops=3)'},\n",
       " {'QUERY PLAN': '                    Sort Key: app_prof.id'},\n",
       " {'QUERY PLAN': '                    Sort Method: quicksort  Memory: 2311kB'},\n",
       " {'QUERY PLAN': '                    Worker 0:  Sort Method: quicksort  Memory: 2348kB'},\n",
       " {'QUERY PLAN': '                    Worker 1:  Sort Method: quicksort  Memory: 2488kB'},\n",
       " {'QUERY PLAN': '                    ->  Parallel Hash Join  (cost=20209.84..30622.68 rows=39 width=1684) (actual time=176.909..1258.362 rows=9285 loops=3)'},\n",
       " {'QUERY PLAN': '                          Hash Cond: (app_skill.applicant_profile_id = workexp.applicantprofile_id)'},\n",
       " {'QUERY PLAN': \"                          Join Filter: (to_tsvector('spanish'::regconfig, (((((((job.name)::text || ' '::text) || (skills.description)::text) || ' '::text) || (workexp.description)::text) || ' '::text) || (level_of_exp.name)::text)) @@ '''apach'' <-> ''hadoop'' | ''spark'' | ''aws'' | ''arquitectur'' <2> ''dat'' <-> ''escal'' | ''analisis'' <2> ''dat'' <2> ''tiemp'' <-> ''real'' | ''automatiz'' <2> ''proces'' | ''dock'' | ''kubernet'' | ''jav'''::tsquery)\"},\n",
       " {'QUERY PLAN': '                          Rows Removed by Join Filter: 66374'},\n",
       " {'QUERY PLAN': '                          ->  Hash Join  (cost=16326.13..25432.86 rows=7822 width=1595) (actual time=160.367..223.992 rows=75659 loops=3)'},\n",
       " {'QUERY PLAN': '                                Hash Cond: (app_skill.skill_id = skills.id)'},\n",
       " {'QUERY PLAN': '                                ->  Parallel Hash Join  (cost=16323.55..25408.50 rows=7822 width=1083) (actual time=160.289..211.136 rows=75659 loops=3)'},\n",
       " {'QUERY PLAN': '                                      Hash Cond: (app_skill.applicant_profile_id = app_prof.id)'},\n",
       " {'QUERY PLAN': '                                      ->  Parallel Seq Scan on applicantprofile_skill app_skill  (cost=0.00..7648.03 rows=370903 width=8) (actual time=0.003..14.321 rows=296723 loops=3)'},\n",
       " {'QUERY PLAN': '                                      ->  Parallel Hash  (cost=16306.29..16306.29 rows=1381 width=1075) (actual time=160.238..160.247 rows=9457 loops=3)'},\n",
       " {'QUERY PLAN': '                                            Buckets: 32768 (originally 4096)  Batches: 1 (originally 1)  Memory Usage: 3520kB'},\n",
       " {'QUERY PLAN': '                                            ->  Parallel Hash Join  (cost=13952.18..16306.29 rows=1381 width=1075) (actual time=148.800..157.391 rows=9457 loops=3)'},\n",
       " {'QUERY PLAN': '                                                  Hash Cond: ((u.user_id)::text = (app_prof.user_id)::text)'},\n",
       " {'QUERY PLAN': '                                                  ->  Parallel Seq Scan on \"user\" u  (cost=0.00..2100.54 rows=65454 width=51) (actual time=0.002..1.850 rows=37090 loops=3)'},\n",
       " {'QUERY PLAN': '                                                  ->  Parallel Hash  (cost=13934.92..13934.92 rows=1381 width=1135) (actual time=148.708..148.715 rows=9457 loops=3)'},\n",
       " {'QUERY PLAN': '                                                        Buckets: 32768 (originally 4096)  Batches: 1 (originally 1)  Memory Usage: 5152kB'},\n",
       " {'QUERY PLAN': '                                                        ->  Parallel Hash Join  (cost=11988.18..13934.92 rows=1381 width=1135) (actual time=136.537..144.706 rows=9457 loops=3)'},\n",
       " {'QUERY PLAN': '                                                              Hash Cond: ((app_prof.user_id)::text = (application.user_id)::text)'},\n",
       " {'QUERY PLAN': '                                                              ->  Parallel Seq Scan on applicant_profile app_prof  (cost=0.00..1695.54 rows=65454 width=41) (actual time=0.006..2.818 rows=37090 loops=3)'},\n",
       " {'QUERY PLAN': '                                                              ->  Parallel Hash  (cost=11975.96..11975.96 rows=978 width=1094) (actual time=136.454..136.460 rows=9457 loops=3)'},\n",
       " {'QUERY PLAN': '                                                                    Buckets: 32768 (originally 4096)  Batches: 1 (originally 1)  Memory Usage: 4032kB'},\n",
       " {'QUERY PLAN': '                                                                    ->  Parallel Hash Join  (cost=4444.08..11975.96 rows=978 width=1094) (actual time=111.349..132.616 rows=9457 loops=3)'},\n",
       " {'QUERY PLAN': '                                                                          Hash Cond: (application.job_id = job.id)'},\n",
       " {'QUERY PLAN': '                                                                          ->  Parallel Seq Scan on application  (cost=0.00..6794.50 rows=195550 width=45) (actual time=0.036..8.354 rows=156440 loops=3)'},\n",
       " {'QUERY PLAN': '                                                                          ->  Parallel Hash  (cost=4441.15..4441.15 rows=234 width=1065) (actual time=111.014..111.017 rows=2342 loops=3)'},\n",
       " {'QUERY PLAN': '                                                                                Buckets: 8192 (originally 1024)  Batches: 1 (originally 1)  Memory Usage: 888kB'},\n",
       " {'QUERY PLAN': '                                                                                ->  Hash Join  (cost=2.61..4441.15 rows=234 width=1065) (actual time=1.261..107.417 rows=2342 loops=3)'},\n",
       " {'QUERY PLAN': '                                                                                      Hash Cond: (job.levelofexperience_id = level_of_exp.id)'},\n",
       " {'QUERY PLAN': \"                                                                                      Join Filter: (to_tsvector('spanish'::regconfig, (((prof_type.description)::text || ' '::text) || (level_of_exp.name)::text)) @@ '''ingenier'' & ''dat'''::tsquery)\"},\n",
       " {'QUERY PLAN': '                                                                                      Rows Removed by Join Filter: 35127'},\n",
       " {'QUERY PLAN': '                                                                                      ->  Hash Join  (cost=1.36..4311.30 rows=46841 width=553) (actual time=0.037..14.642 rows=37469 loops=3)'},\n",
       " {'QUERY PLAN': '                                                                                            Hash Cond: (job.profile_type_id = prof_type.id)'},\n",
       " {'QUERY PLAN': '                                                                                            ->  Parallel Seq Scan on job  (cost=0.00..4154.41 rows=46841 width=41) (actual time=0.004..3.966 rows=37473 loops=3)'},\n",
       " {'QUERY PLAN': '                                                                                            ->  Hash  (cost=1.16..1.16 rows=16 width=520) (actual time=0.012..0.013 rows=16 loops=3)'},\n",
       " {'QUERY PLAN': '                                                                                                  Buckets: 1024  Batches: 1  Memory Usage: 9kB'},\n",
       " {'QUERY PLAN': '                                                                                                  ->  Seq Scan on profiletype prof_type  (cost=0.00..1.16 rows=16 width=520) (actual time=0.005..0.007 rows=16 loops=3)'},\n",
       " {'QUERY PLAN': '                                                                                      ->  Hash  (cost=1.11..1.11 rows=11 width=520) (actual time=0.013..0.014 rows=11 loops=3)'},\n",
       " {'QUERY PLAN': '                                                                                            Buckets: 1024  Batches: 1  Memory Usage: 9kB'},\n",
       " {'QUERY PLAN': '                                                                                            ->  Seq Scan on levelofexp level_of_exp  (cost=0.00..1.11 rows=11 width=520) (actual time=0.008..0.009 rows=11 loops=3)'},\n",
       " {'QUERY PLAN': '                                ->  Hash  (cost=1.70..1.70 rows=70 width=520) (actual time=0.049..0.049 rows=70 loops=3)'},\n",
       " {'QUERY PLAN': '                                      Buckets: 1024  Batches: 1  Memory Usage: 12kB'},\n",
       " {'QUERY PLAN': '                                      ->  Seq Scan on skills  (cost=0.00..1.70 rows=70 width=520) (actual time=0.028..0.033 rows=70 loops=3)'},\n",
       " {'QUERY PLAN': '                          ->  Parallel Hash  (cost=3065.54..3065.54 rows=65454 width=97) (actual time=15.993..15.993 rows=37090 loops=3)'},\n",
       " {'QUERY PLAN': '                                Buckets: 131072  Batches: 1  Memory Usage: 15520kB'},\n",
       " {'QUERY PLAN': '                                ->  Parallel Seq Scan on workexperience workexp  (cost=0.00..3065.54 rows=65454 width=97) (actual time=0.012..5.524 rows=37090 loops=3)'},\n",
       " {'QUERY PLAN': 'Planning Time: 11.215 ms'},\n",
       " {'QUERY PLAN': 'Execution Time: 1283.134 ms'}]"
      ]
     },
     "execution_count": 386,
     "metadata": {},
     "output_type": "execute_result"
    }
   ],
   "source": [
    "aplicantes_filtrados"
   ]
  },
  {
   "cell_type": "code",
   "execution_count": 387,
   "metadata": {},
   "outputs": [
    {
     "data": {
      "text/html": [
       "<div>\n",
       "<style scoped>\n",
       "    .dataframe tbody tr th:only-of-type {\n",
       "        vertical-align: middle;\n",
       "    }\n",
       "\n",
       "    .dataframe tbody tr th {\n",
       "        vertical-align: top;\n",
       "    }\n",
       "\n",
       "    .dataframe thead th {\n",
       "        text-align: right;\n",
       "    }\n",
       "</style>\n",
       "<table border=\"1\" class=\"dataframe\">\n",
       "  <thead>\n",
       "    <tr style=\"text-align: right;\">\n",
       "      <th></th>\n",
       "      <th>Operación</th>\n",
       "      <th>Costo Inicial</th>\n",
       "      <th>Costo Final</th>\n",
       "      <th>Tiempo Inicial (ms)</th>\n",
       "      <th>Tiempo Final (ms)</th>\n",
       "      <th>Filas Procesadas</th>\n",
       "    </tr>\n",
       "  </thead>\n",
       "  <tbody>\n",
       "    <tr>\n",
       "      <th>0</th>\n",
       "      <td>(cost=31623.73..31636.21 rows=94 width=196) (a...</td>\n",
       "      <td>31623.73</td>\n",
       "      <td>31636.21</td>\n",
       "      <td>1267.595</td>\n",
       "      <td>1282.422</td>\n",
       "      <td>94</td>\n",
       "    </tr>\n",
       "    <tr>\n",
       "      <th>1</th>\n",
       "      <td>(cost=31623.73..31633.90 rows=78 width=196) (a...</td>\n",
       "      <td>31623.73</td>\n",
       "      <td>31633.90</td>\n",
       "      <td>1267.587</td>\n",
       "      <td>1276.091</td>\n",
       "      <td>78</td>\n",
       "    </tr>\n",
       "    <tr>\n",
       "      <th>2</th>\n",
       "      <td>(cost=30623.71..30624.88 rows=39 width=196) (a...</td>\n",
       "      <td>30623.71</td>\n",
       "      <td>30624.88</td>\n",
       "      <td>1262.297</td>\n",
       "      <td>1266.791</td>\n",
       "      <td>39</td>\n",
       "    </tr>\n",
       "    <tr>\n",
       "      <th>3</th>\n",
       "      <td>(cost=30623.71..30623.81 rows=39 width=1684) (...</td>\n",
       "      <td>30623.71</td>\n",
       "      <td>30623.81</td>\n",
       "      <td>1262.287</td>\n",
       "      <td>1262.623</td>\n",
       "      <td>39</td>\n",
       "    </tr>\n",
       "    <tr>\n",
       "      <th>4</th>\n",
       "      <td>(cost=20209.84..30622.68 rows=39 width=1684) (...</td>\n",
       "      <td>20209.84</td>\n",
       "      <td>30622.68</td>\n",
       "      <td>176.909</td>\n",
       "      <td>1258.362</td>\n",
       "      <td>39</td>\n",
       "    </tr>\n",
       "    <tr>\n",
       "      <th>5</th>\n",
       "      <td>(cost=16326.13..25432.86 rows=7822 width=1595)...</td>\n",
       "      <td>16326.13</td>\n",
       "      <td>25432.86</td>\n",
       "      <td>160.367</td>\n",
       "      <td>223.992</td>\n",
       "      <td>7822</td>\n",
       "    </tr>\n",
       "    <tr>\n",
       "      <th>6</th>\n",
       "      <td>(cost=16323.55..25408.50 rows=7822 width=1083)...</td>\n",
       "      <td>16323.55</td>\n",
       "      <td>25408.50</td>\n",
       "      <td>160.289</td>\n",
       "      <td>211.136</td>\n",
       "      <td>7822</td>\n",
       "    </tr>\n",
       "    <tr>\n",
       "      <th>7</th>\n",
       "      <td>(cost=0.00..7648.03 rows=370903 width=8) (actu...</td>\n",
       "      <td>0.00</td>\n",
       "      <td>7648.03</td>\n",
       "      <td>0.003</td>\n",
       "      <td>14.321</td>\n",
       "      <td>370903</td>\n",
       "    </tr>\n",
       "    <tr>\n",
       "      <th>8</th>\n",
       "      <td>(cost=16306.29..16306.29 rows=1381 width=1075)...</td>\n",
       "      <td>16306.29</td>\n",
       "      <td>16306.29</td>\n",
       "      <td>160.238</td>\n",
       "      <td>160.247</td>\n",
       "      <td>1381</td>\n",
       "    </tr>\n",
       "    <tr>\n",
       "      <th>9</th>\n",
       "      <td>(cost=13952.18..16306.29 rows=1381 width=1075)...</td>\n",
       "      <td>13952.18</td>\n",
       "      <td>16306.29</td>\n",
       "      <td>148.800</td>\n",
       "      <td>157.391</td>\n",
       "      <td>1381</td>\n",
       "    </tr>\n",
       "    <tr>\n",
       "      <th>10</th>\n",
       "      <td>(cost=0.00..2100.54 rows=65454 width=51) (actu...</td>\n",
       "      <td>0.00</td>\n",
       "      <td>2100.54</td>\n",
       "      <td>0.002</td>\n",
       "      <td>1.850</td>\n",
       "      <td>65454</td>\n",
       "    </tr>\n",
       "    <tr>\n",
       "      <th>11</th>\n",
       "      <td>(cost=13934.92..13934.92 rows=1381 width=1135)...</td>\n",
       "      <td>13934.92</td>\n",
       "      <td>13934.92</td>\n",
       "      <td>148.708</td>\n",
       "      <td>148.715</td>\n",
       "      <td>1381</td>\n",
       "    </tr>\n",
       "    <tr>\n",
       "      <th>12</th>\n",
       "      <td>(cost=11988.18..13934.92 rows=1381 width=1135)...</td>\n",
       "      <td>11988.18</td>\n",
       "      <td>13934.92</td>\n",
       "      <td>136.537</td>\n",
       "      <td>144.706</td>\n",
       "      <td>1381</td>\n",
       "    </tr>\n",
       "    <tr>\n",
       "      <th>13</th>\n",
       "      <td>(cost=0.00..1695.54 rows=65454 width=41) (actu...</td>\n",
       "      <td>0.00</td>\n",
       "      <td>1695.54</td>\n",
       "      <td>0.006</td>\n",
       "      <td>2.818</td>\n",
       "      <td>65454</td>\n",
       "    </tr>\n",
       "    <tr>\n",
       "      <th>14</th>\n",
       "      <td>(cost=11975.96..11975.96 rows=978 width=1094) ...</td>\n",
       "      <td>11975.96</td>\n",
       "      <td>11975.96</td>\n",
       "      <td>136.454</td>\n",
       "      <td>136.460</td>\n",
       "      <td>978</td>\n",
       "    </tr>\n",
       "    <tr>\n",
       "      <th>15</th>\n",
       "      <td>(cost=4444.08..11975.96 rows=978 width=1094) (...</td>\n",
       "      <td>4444.08</td>\n",
       "      <td>11975.96</td>\n",
       "      <td>111.349</td>\n",
       "      <td>132.616</td>\n",
       "      <td>978</td>\n",
       "    </tr>\n",
       "    <tr>\n",
       "      <th>16</th>\n",
       "      <td>(cost=0.00..6794.50 rows=195550 width=45) (act...</td>\n",
       "      <td>0.00</td>\n",
       "      <td>6794.50</td>\n",
       "      <td>0.036</td>\n",
       "      <td>8.354</td>\n",
       "      <td>195550</td>\n",
       "    </tr>\n",
       "    <tr>\n",
       "      <th>17</th>\n",
       "      <td>(cost=4441.15..4441.15 rows=234 width=1065) (a...</td>\n",
       "      <td>4441.15</td>\n",
       "      <td>4441.15</td>\n",
       "      <td>111.014</td>\n",
       "      <td>111.017</td>\n",
       "      <td>234</td>\n",
       "    </tr>\n",
       "    <tr>\n",
       "      <th>18</th>\n",
       "      <td>(cost=2.61..4441.15 rows=234 width=1065) (actu...</td>\n",
       "      <td>2.61</td>\n",
       "      <td>4441.15</td>\n",
       "      <td>1.261</td>\n",
       "      <td>107.417</td>\n",
       "      <td>234</td>\n",
       "    </tr>\n",
       "    <tr>\n",
       "      <th>19</th>\n",
       "      <td>(cost=1.36..4311.30 rows=46841 width=553) (act...</td>\n",
       "      <td>1.36</td>\n",
       "      <td>4311.30</td>\n",
       "      <td>0.037</td>\n",
       "      <td>14.642</td>\n",
       "      <td>46841</td>\n",
       "    </tr>\n",
       "    <tr>\n",
       "      <th>20</th>\n",
       "      <td>(cost=0.00..4154.41 rows=46841 width=41) (actu...</td>\n",
       "      <td>0.00</td>\n",
       "      <td>4154.41</td>\n",
       "      <td>0.004</td>\n",
       "      <td>3.966</td>\n",
       "      <td>46841</td>\n",
       "    </tr>\n",
       "    <tr>\n",
       "      <th>21</th>\n",
       "      <td>(cost=1.16..1.16 rows=16 width=520) (actual ti...</td>\n",
       "      <td>1.16</td>\n",
       "      <td>1.16</td>\n",
       "      <td>0.012</td>\n",
       "      <td>0.013</td>\n",
       "      <td>16</td>\n",
       "    </tr>\n",
       "    <tr>\n",
       "      <th>22</th>\n",
       "      <td>(cost=0.00..1.16 rows=16 width=520) (actual ti...</td>\n",
       "      <td>0.00</td>\n",
       "      <td>1.16</td>\n",
       "      <td>0.005</td>\n",
       "      <td>0.007</td>\n",
       "      <td>16</td>\n",
       "    </tr>\n",
       "    <tr>\n",
       "      <th>23</th>\n",
       "      <td>(cost=1.11..1.11 rows=11 width=520) (actual ti...</td>\n",
       "      <td>1.11</td>\n",
       "      <td>1.11</td>\n",
       "      <td>0.013</td>\n",
       "      <td>0.014</td>\n",
       "      <td>11</td>\n",
       "    </tr>\n",
       "    <tr>\n",
       "      <th>24</th>\n",
       "      <td>(cost=0.00..1.11 rows=11 width=520) (actual ti...</td>\n",
       "      <td>0.00</td>\n",
       "      <td>1.11</td>\n",
       "      <td>0.008</td>\n",
       "      <td>0.009</td>\n",
       "      <td>11</td>\n",
       "    </tr>\n",
       "    <tr>\n",
       "      <th>25</th>\n",
       "      <td>(cost=1.70..1.70 rows=70 width=520) (actual ti...</td>\n",
       "      <td>1.70</td>\n",
       "      <td>1.70</td>\n",
       "      <td>0.049</td>\n",
       "      <td>0.049</td>\n",
       "      <td>70</td>\n",
       "    </tr>\n",
       "    <tr>\n",
       "      <th>26</th>\n",
       "      <td>(cost=0.00..1.70 rows=70 width=520) (actual ti...</td>\n",
       "      <td>0.00</td>\n",
       "      <td>1.70</td>\n",
       "      <td>0.028</td>\n",
       "      <td>0.033</td>\n",
       "      <td>70</td>\n",
       "    </tr>\n",
       "    <tr>\n",
       "      <th>27</th>\n",
       "      <td>(cost=3065.54..3065.54 rows=65454 width=97) (a...</td>\n",
       "      <td>3065.54</td>\n",
       "      <td>3065.54</td>\n",
       "      <td>15.993</td>\n",
       "      <td>15.993</td>\n",
       "      <td>65454</td>\n",
       "    </tr>\n",
       "    <tr>\n",
       "      <th>28</th>\n",
       "      <td>(cost=0.00..3065.54 rows=65454 width=97) (actu...</td>\n",
       "      <td>0.00</td>\n",
       "      <td>3065.54</td>\n",
       "      <td>0.012</td>\n",
       "      <td>5.524</td>\n",
       "      <td>65454</td>\n",
       "    </tr>\n",
       "  </tbody>\n",
       "</table>\n",
       "</div>"
      ],
      "text/plain": [
       "                                            Operación  Costo Inicial  \\\n",
       "0   (cost=31623.73..31636.21 rows=94 width=196) (a...       31623.73   \n",
       "1   (cost=31623.73..31633.90 rows=78 width=196) (a...       31623.73   \n",
       "2   (cost=30623.71..30624.88 rows=39 width=196) (a...       30623.71   \n",
       "3   (cost=30623.71..30623.81 rows=39 width=1684) (...       30623.71   \n",
       "4   (cost=20209.84..30622.68 rows=39 width=1684) (...       20209.84   \n",
       "5   (cost=16326.13..25432.86 rows=7822 width=1595)...       16326.13   \n",
       "6   (cost=16323.55..25408.50 rows=7822 width=1083)...       16323.55   \n",
       "7   (cost=0.00..7648.03 rows=370903 width=8) (actu...           0.00   \n",
       "8   (cost=16306.29..16306.29 rows=1381 width=1075)...       16306.29   \n",
       "9   (cost=13952.18..16306.29 rows=1381 width=1075)...       13952.18   \n",
       "10  (cost=0.00..2100.54 rows=65454 width=51) (actu...           0.00   \n",
       "11  (cost=13934.92..13934.92 rows=1381 width=1135)...       13934.92   \n",
       "12  (cost=11988.18..13934.92 rows=1381 width=1135)...       11988.18   \n",
       "13  (cost=0.00..1695.54 rows=65454 width=41) (actu...           0.00   \n",
       "14  (cost=11975.96..11975.96 rows=978 width=1094) ...       11975.96   \n",
       "15  (cost=4444.08..11975.96 rows=978 width=1094) (...        4444.08   \n",
       "16  (cost=0.00..6794.50 rows=195550 width=45) (act...           0.00   \n",
       "17  (cost=4441.15..4441.15 rows=234 width=1065) (a...        4441.15   \n",
       "18  (cost=2.61..4441.15 rows=234 width=1065) (actu...           2.61   \n",
       "19  (cost=1.36..4311.30 rows=46841 width=553) (act...           1.36   \n",
       "20  (cost=0.00..4154.41 rows=46841 width=41) (actu...           0.00   \n",
       "21  (cost=1.16..1.16 rows=16 width=520) (actual ti...           1.16   \n",
       "22  (cost=0.00..1.16 rows=16 width=520) (actual ti...           0.00   \n",
       "23  (cost=1.11..1.11 rows=11 width=520) (actual ti...           1.11   \n",
       "24  (cost=0.00..1.11 rows=11 width=520) (actual ti...           0.00   \n",
       "25  (cost=1.70..1.70 rows=70 width=520) (actual ti...           1.70   \n",
       "26  (cost=0.00..1.70 rows=70 width=520) (actual ti...           0.00   \n",
       "27  (cost=3065.54..3065.54 rows=65454 width=97) (a...        3065.54   \n",
       "28  (cost=0.00..3065.54 rows=65454 width=97) (actu...           0.00   \n",
       "\n",
       "    Costo Final  Tiempo Inicial (ms)  Tiempo Final (ms)  Filas Procesadas  \n",
       "0      31636.21             1267.595           1282.422                94  \n",
       "1      31633.90             1267.587           1276.091                78  \n",
       "2      30624.88             1262.297           1266.791                39  \n",
       "3      30623.81             1262.287           1262.623                39  \n",
       "4      30622.68              176.909           1258.362                39  \n",
       "5      25432.86              160.367            223.992              7822  \n",
       "6      25408.50              160.289            211.136              7822  \n",
       "7       7648.03                0.003             14.321            370903  \n",
       "8      16306.29              160.238            160.247              1381  \n",
       "9      16306.29              148.800            157.391              1381  \n",
       "10      2100.54                0.002              1.850             65454  \n",
       "11     13934.92              148.708            148.715              1381  \n",
       "12     13934.92              136.537            144.706              1381  \n",
       "13      1695.54                0.006              2.818             65454  \n",
       "14     11975.96              136.454            136.460               978  \n",
       "15     11975.96              111.349            132.616               978  \n",
       "16      6794.50                0.036              8.354            195550  \n",
       "17      4441.15              111.014            111.017               234  \n",
       "18      4441.15                1.261            107.417               234  \n",
       "19      4311.30                0.037             14.642             46841  \n",
       "20      4154.41                0.004              3.966             46841  \n",
       "21         1.16                0.012              0.013                16  \n",
       "22         1.16                0.005              0.007                16  \n",
       "23         1.11                0.013              0.014                11  \n",
       "24         1.11                0.008              0.009                11  \n",
       "25         1.70                0.049              0.049                70  \n",
       "26         1.70                0.028              0.033                70  \n",
       "27      3065.54               15.993             15.993             65454  \n",
       "28      3065.54                0.012              5.524             65454  "
      ]
     },
     "execution_count": 387,
     "metadata": {},
     "output_type": "execute_result"
    }
   ],
   "source": [
    "import pandas as pd\n",
    "\n",
    "data = []\n",
    "for item in aplicantes_filtrados:\n",
    "    line = item['QUERY PLAN']\n",
    "    if 'cost=' in line and 'actual time=' in line:\n",
    "        operation = line.split('  ')[-1].strip()  # Operación\n",
    "        cost = line.split('cost=')[1].split(' ')[0].split('..')\n",
    "        actual_time = line.split('actual time=')[1].split(' ')[0].split('..')\n",
    "        rows = line.split('rows=')[1].split(' ')[0] if 'rows=' in line else None\n",
    "        data.append({\n",
    "            'Operación': operation,\n",
    "            'Costo Inicial': float(cost[0]),\n",
    "            'Costo Final': float(cost[1]),\n",
    "            'Tiempo Inicial (ms)': float(actual_time[0]),\n",
    "            'Tiempo Final (ms)': float(actual_time[1]),\n",
    "            'Filas Procesadas': int(rows) if rows else None\n",
    "        })\n",
    "\n",
    "# Crear un DataFrame\n",
    "df = pd.DataFrame(data)\n",
    "\n",
    "df"
   ]
  }
 ],
 "metadata": {
  "kernelspec": {
   "display_name": "venv",
   "language": "python",
   "name": "python3"
  },
  "language_info": {
   "codemirror_mode": {
    "name": "ipython",
    "version": 3
   },
   "file_extension": ".py",
   "mimetype": "text/x-python",
   "name": "python",
   "nbconvert_exporter": "python",
   "pygments_lexer": "ipython3",
   "version": "3.12.3"
  }
 },
 "nbformat": 4,
 "nbformat_minor": 2
}
